<?xml version="1.0" encoding="UTF-8"?>
<!-- Generated by org.testng.reporters.JUnitReportReporter -->
<testsuite hostname="DESKTOP-TBLA2PR" failures="0" tests="1" name="org.xyz.automation.fb.FetchDataRunTime" time="6.691" errors="0" timestamp="2023-07-19T21:47:21 IST" skipped="0">
  <testcase classname="org.xyz.automation.fb.FetchDataRunTime" name="testsignup" time="6.691"/>
  <system-out/>
</testsuite> <!-- org.xyz.automation.fb.FetchDataRunTime -->
