<?xml version="1.0" encoding="UTF-8"?>
<!-- Generated by org.testng.reporters.JUnitReportReporter -->
<testsuite hostname="DESKTOP-TBLA2PR" failures="0" tests="2" name="org.xyz.automation.fb.FirstAutomation" time="7.299" errors="0" timestamp="2023-07-19T22:03:55 IST" skipped="1">
  <testcase classname="org.xyz.automation.fb.FirstAutomation" name="signupfunctionality" time="7.299"/>
  <system-out/>
  <testcase classname="org.xyz.automation.fb.FirstAutomation" name="loginfunctionality">
    <skipped/>
  </testcase> <!-- loginfunctionality -->
  <system-out/>
</testsuite> <!-- org.xyz.automation.fb.FirstAutomation -->
