<?xml version="1.0" encoding="UTF-8"?>
<!-- Generated by org.testng.reporters.JUnitReportReporter -->
<testsuite hostname="DESKTOP-TBLA2PR" failures="0" tests="3" name="org.wipro.automation.fb.testcases.LoginValidation_DDF" time="26.182" errors="0" timestamp="2023-07-28T21:52:07 IST" skipped="0">
  <testcase classname="org.wipro.automation.fb.testcases.LoginValidation_DDF" name="tc01_validateloginfunctiolaity" time="8.074"/>
  <system-out/>
  <testcase classname="org.wipro.automation.fb.testcases.LoginValidation_DDF" name="tc01_validateloginfunctiolaity" time="10.432"/>
  <system-out/>
  <testcase classname="org.wipro.automation.fb.testcases.LoginValidation_DDF" name="tc01_validateloginfunctiolaity" time="7.676"/>
  <system-out/>
</testsuite> <!-- org.wipro.automation.fb.testcases.LoginValidation_DDF -->
