<?xml version="1.0" encoding="UTF-8"?>
<!-- Generated by org.testng.reporters.JUnitReportReporter -->
<testsuite hostname="DESKTOP-TBLA2PR" failures="0" tests="1" name="org.wipro.automation.fb.testcases.SignupValidation" time="20.678" errors="0" timestamp="2023-07-26T22:20:41 IST" skipped="0">
  <testcase classname="org.wipro.automation.fb.testcases.SignupValidation" name="tc02_validatesignupfunctiolaity" time="20.678"/>
  <system-out/>
</testsuite> <!-- org.wipro.automation.fb.testcases.SignupValidation -->
