<?xml version="1.0" encoding="UTF-8"?>
<!-- Generated by org.testng.reporters.JUnitReportReporter -->
<testsuite hostname="DESKTOP-TBLA2PR" failures="0" tests="6" name="learnTestng.FirstTestNGProgram" time="0.070" errors="0" timestamp="2023-07-10T22:23:33 IST" skipped="1">
  <testcase classname="learnTestng.FirstTestNGProgram" name="third_testcase" time="0.050"/>
  <system-out/>
  <testcase classname="learnTestng.FirstTestNGProgram" name="sixth_testcase" time="0.004"/>
  <system-out/>
  <testcase classname="learnTestng.FirstTestNGProgram" name="fifth_testcase" time="0.004"/>
  <system-out/>
  <testcase classname="learnTestng.FirstTestNGProgram" name="first_testcase" time="0.007"/>
  <system-out/>
  <testcase classname="learnTestng.FirstTestNGProgram" name="second_testcase" time="0.005"/>
  <system-out/>
  <testcase classname="learnTestng.FirstTestNGProgram" name="forth_testcase">
    <skipped/>
  </testcase> <!-- forth_testcase -->
  <system-out/>
</testsuite> <!-- learnTestng.FirstTestNGProgram -->
