<?xml version="1.0" encoding="UTF-8"?>
<!-- Generated by org.testng.reporters.JUnitReportReporter -->
<testsuite hostname="DESKTOP-TBLA2PR" failures="0" tests="1" name="learnTestng.FirstTestNGProgram8" time="0.006" errors="0" timestamp="2023-07-10T22:23:33 IST" skipped="0">
  <testcase classname="learnTestng.FirstTestNGProgram8" name="first_testcase" time="0.006"/>
  <system-out/>
</testsuite> <!-- learnTestng.FirstTestNGProgram8 -->
