<?xml version="1.0" encoding="UTF-8"?>
<!-- Generated by org.testng.reporters.JUnitReportReporter -->
<testsuite hostname="DESKTOP-TBLA2PR" failures="0" tests="4" name="org.xyz.automation.fb.KeyboardMouse" time="36.325" errors="0" timestamp="2023-07-21T21:57:21 IST" skipped="2">
  <testcase classname="org.xyz.automation.fb.KeyboardMouse" name="handleFrames" time="20.470"/>
  <system-out/>
  <testcase classname="org.xyz.automation.fb.KeyboardMouse" name="handleALerts" time="15.855"/>
  <system-out/>
  <testcase classname="org.xyz.automation.fb.KeyboardMouse" name="handleKeyboard">
    <skipped/>
  </testcase> <!-- handleKeyboard -->
  <system-out/>
  <testcase classname="org.xyz.automation.fb.KeyboardMouse" name="handleMouse">
    <skipped/>
  </testcase> <!-- handleMouse -->
  <system-out/>
</testsuite> <!-- org.xyz.automation.fb.KeyboardMouse -->
