<?xml version="1.0" encoding="UTF-8"?>
<!-- Generated by org.testng.reporters.JUnitReportReporter -->
<testsuite hostname="DESKTOP-TBLA2PR" failures="0" tests="1" name="org.xyz.automation.fb.OperationBrowser" time="35.569" errors="0" timestamp="2023-07-13T22:09:24 IST" skipped="0">
  <testcase classname="org.xyz.automation.fb.OperationBrowser" name="opbrowser" time="35.569"/>
  <system-out/>
</testsuite> <!-- org.xyz.automation.fb.OperationBrowser -->
