<?xml version="1.0" encoding="UTF-8"?>
<!-- Generated by org.testng.reporters.JUnitReportReporter -->
<testsuite hostname="DESKTOP-TBLA2PR" failures="0" tests="1" name="org.wipro.automation.fb.baseClass.InitiateBrowser" time="10.298" errors="0" timestamp="2023-07-26T21:50:54 IST" skipped="0">
  <testcase classname="org.wipro.automation.fb.baseClass.InitiateBrowser" name="launchBrowser" time="10.298"/>
  <system-out/>
</testsuite> <!-- org.wipro.automation.fb.baseClass.InitiateBrowser -->
