<?xml version="1.0" encoding="UTF-8"?>
<!-- Generated by org.testng.reporters.JUnitReportReporter -->
<testsuite hostname="DESKTOP-TBLA2PR" failures="0" tests="6" name="learnTestng.FirstTestNGProgram9" time="0.022" errors="0" timestamp="2023-07-10T22:23:33 IST" skipped="0">
  <testcase classname="learnTestng.FirstTestNGProgram9" name="first_testcase" time="0.003"/>
  <system-out/>
  <testcase classname="learnTestng.FirstTestNGProgram9" name="second_testcase" time="0.003"/>
  <system-out/>
  <testcase classname="learnTestng.FirstTestNGProgram9" name="fifth_testcase" time="0.003"/>
  <system-out/>
  <testcase classname="learnTestng.FirstTestNGProgram9" name="sixth_testcase" time="0.003"/>
  <system-out/>
  <testcase classname="learnTestng.FirstTestNGProgram9" name="third_testcase" time="0.005"/>
  <system-out/>
  <testcase classname="learnTestng.FirstTestNGProgram9" name="forth_testcase" time="0.005"/>
  <system-out/>
</testsuite> <!-- learnTestng.FirstTestNGProgram9 -->
